------------------------------------------ Agenda Log ------------------------------------------

2018-10-31 11:21:05 [Info] Invoke register command to create a new user
2018-10-31 11:21:19 [Error] database error when adding user
2018-10-31 11:21:19 [Error] FAIL to create user!
2018-10-31 11:23:33 [Info] Invoke register command to create a new user
2018-10-31 11:23:46 [Info] Successfully create user qwe, email 123@wq.xx, phone 12345678911
2018-10-31 11:23:46 [Info] Login as user qwe succeeded
2018-10-31 11:23:52 [Info] Invoke user list command to list all users in agenda system
2018-10-31 11:23:52 [Info] List users done!Print target users info....
2018-10-31 11:24:42 [Info] Invoke register command to create a new user
2018-10-31 11:24:54 [Error] phone number already exists
2018-10-31 11:24:54 [Error] FAIL to create user!
2018-10-31 11:25:19 [Info] Invoke create meeting command to create special meeting with others
2018-10-31 11:25:29 [Error] Fail to parse start time
2018-10-31 11:25:33 [Info] Invoke create meeting command to create special meeting with others
2018-10-31 11:25:55 [Info] Invoke register command to create a new user
2018-10-31 11:26:11 [Info] Successfully create user re, email 123@wq.pp, phone 12223123123
2018-10-31 11:26:11 [Info] Login as user re succeeded
2018-10-31 11:26:15 [Info] Invoke create meeting command to create special meeting with others
2018-10-31 11:26:42 [Error] Fail to add participant qwe: new participant is the creator
2018-10-31 11:26:42 [Error] Fail to create meeting: no participant could be added
2018-10-31 11:27:17 [Info] Invoke user list command to list all users in agenda system
2018-10-31 11:27:17 [Info] List users done!Print target users info....
2018-10-31 11:27:23 [Info] Invoke create meeting command to create special meeting with others
2018-10-31 11:27:41 [Error] Fail to add participant qwe: new participant is the creator
2018-10-31 11:27:41 [Error] Fail to create meeting: no participant could be added
2018-10-31 11:34:04 [Info] Invoke user list command to list all users in agenda system
2018-10-31 11:34:04 [Info] List users done!Print target users info....
2018-10-31 11:34:13 [Info] Invoke create meeting command to create special meeting with others
2018-10-31 11:34:30 [Info] user re successfully created meeting fuck, with startTime: 2011-11-11 11:11, endTime: 2012-11-11 11:11, participants: qwe
2018-10-31 11:34:38 [Info] Invoke find meeting command to search conditional meetings you create or join in
2018-10-31 11:34:50 [Info] Finding meetings done! Print target meetings..
2018-10-31 11:34:56 [Info] Invoke remove participant command to clean special participants in your meetings
2018-10-31 11:35:03 [Info] user re begin to remove participants from meeting fuck, target participants: [qwe]
2018-10-31 11:35:03 [Info] Successfully removed participant(s)
2018-10-31 11:35:08 [Info] Invoke find meeting command to search conditional meetings you create or join in
2018-10-31 11:35:08 [Error] No any meeting you create or join satisfies the searching conditions!
